2016-07-14 16:30:48 INFO  MySQLDBManager:173 - unsupported type -1
2016-07-14 16:30:48 INFO  MySQLDBManager:173 - unsupported type -1
2016-07-14 16:30:48 INFO  MySQLDBManager:173 - unsupported type -1
2016-07-14 16:30:48 INFO  MySQLDBManager:173 - unsupported type -1
2016-07-14 16:30:48 INFO  MySQLDBManager:173 - unsupported type -1
2016-07-14 16:30:48 INFO  MySQLDBManager:173 - unsupported type -1
2016-07-14 16:30:48 INFO  MySQLDBManager:173 - unsupported type -1
2016-07-14 16:30:48 INFO  MySQLDBManager:173 - unsupported type -1
2016-07-14 16:30:48 INFO  MySQLDBManager:173 - unsupported type -1
2016-07-14 16:30:48 INFO  MySQLDBManager:173 - unsupported type -1
2016-07-14 16:30:48 INFO  MySQLDBManager:173 - unsupported type -1
2016-07-14 16:30:48 INFO  MySQLDBManager:173 - unsupported type -1
2016-07-14 16:30:48 INFO  MySQLDBManager:173 - unsupported type -1
2016-07-14 16:30:48 INFO  MySQLDBManager:173 - unsupported type -1
2016-07-14 16:30:48 INFO  MySQLDBManager:173 - unsupported type -1
2016-07-14 16:30:48 INFO  MySQLDBManager:173 - unsupported type -1
2016-07-14 16:30:48 INFO  MySQLDBManager:173 - unsupported type -1
2016-07-14 16:30:48 INFO  MySQLDBManager:173 - unsupported type -1
2016-07-14 16:30:48 INFO  MySQLDBManager:173 - unsupported type -1
2016-07-14 16:30:48 INFO  MySQLDBManager:173 - unsupported type -1
2016-07-14 16:30:48 INFO  MySQLDBManager:173 - unsupported type -1
2016-07-14 16:30:48 INFO  MySQLDBManager:173 - unsupported type -1
2016-07-14 16:30:48 INFO  MySQLDBManager:173 - unsupported type -1
2016-07-14 16:30:48 INFO  MySQLDBManager:173 - unsupported type -1
2016-07-14 16:34:31 INFO  MySQLDBManager:175 - unsupported type -1
2016-07-14 16:34:31 INFO  MySQLDBManager:175 - unsupported type -1
2016-07-14 16:34:31 INFO  MySQLDBManager:175 - unsupported type -1
2016-07-14 16:34:31 INFO  MySQLDBManager:175 - unsupported type -1
2016-07-14 16:34:31 INFO  MySQLDBManager:175 - unsupported type -1
2016-07-14 16:34:31 INFO  MySQLDBManager:175 - unsupported type -1
2016-07-14 16:34:31 INFO  MySQLDBManager:175 - unsupported type -1
2016-07-14 16:34:31 INFO  MySQLDBManager:175 - unsupported type -1
2016-07-14 16:34:31 INFO  MySQLDBManager:175 - unsupported type -1
2016-07-14 16:34:31 INFO  MySQLDBManager:175 - unsupported type -1
2016-07-14 16:34:31 INFO  MySQLDBManager:175 - unsupported type -1
2016-07-14 16:34:31 INFO  MySQLDBManager:175 - unsupported type -1
2016-07-14 16:34:31 INFO  MySQLDBManager:175 - unsupported type -1
2016-07-14 16:34:31 INFO  MySQLDBManager:175 - unsupported type -1
2016-07-14 16:34:31 INFO  MySQLDBManager:175 - unsupported type -1
2016-07-14 16:34:31 INFO  MySQLDBManager:175 - unsupported type -1
2016-07-14 16:34:31 INFO  MySQLDBManager:175 - unsupported type -1
2016-07-14 16:34:31 INFO  MySQLDBManager:175 - unsupported type -1
2016-07-14 16:34:31 INFO  MySQLDBManager:175 - unsupported type -1
2016-07-14 16:34:31 INFO  MySQLDBManager:175 - unsupported type -1
2016-07-14 16:34:31 INFO  MySQLDBManager:175 - unsupported type -1
2016-07-14 16:34:31 INFO  MySQLDBManager:175 - unsupported type -1
2016-07-14 16:34:31 INFO  MySQLDBManager:175 - unsupported type -1
2016-07-14 16:34:31 INFO  MySQLDBManager:175 - unsupported type -1
2016-07-14 16:36:28 INFO  MySQLDBManager:175 - unsupported type -1/ columnName:javadoc
2016-07-14 16:36:28 INFO  MySQLDBManager:175 - unsupported type -1/ columnName:javadoc
2016-07-14 16:36:28 INFO  MySQLDBManager:175 - unsupported type -1/ columnName:javadoc
2016-07-14 16:36:28 INFO  MySQLDBManager:175 - unsupported type -1/ columnName:javadoc
2016-07-14 16:36:28 INFO  MySQLDBManager:175 - unsupported type -1/ columnName:javadoc
2016-07-14 16:36:28 INFO  MySQLDBManager:175 - unsupported type -1/ columnName:javadoc
2016-07-14 16:36:28 INFO  MySQLDBManager:175 - unsupported type -1/ columnName:javadoc
2016-07-14 16:36:28 INFO  MySQLDBManager:175 - unsupported type -1/ columnName:javadoc
2016-07-14 16:36:28 INFO  MySQLDBManager:175 - unsupported type -1/ columnName:javadoc
2016-07-14 16:36:28 INFO  MySQLDBManager:175 - unsupported type -1/ columnName:javadoc
2016-07-14 16:36:28 INFO  MySQLDBManager:175 - unsupported type -1/ columnName:javadoc
2016-07-14 16:36:28 INFO  MySQLDBManager:175 - unsupported type -1/ columnName:javadoc
2016-07-14 16:36:28 INFO  MySQLDBManager:175 - unsupported type -1/ columnName:javadoc
2016-07-14 16:36:28 INFO  MySQLDBManager:175 - unsupported type -1/ columnName:javadoc
2016-07-14 16:36:28 INFO  MySQLDBManager:175 - unsupported type -1/ columnName:javadoc
2016-07-14 16:36:28 INFO  MySQLDBManager:175 - unsupported type -1/ columnName:javadoc
2016-07-14 16:36:28 INFO  MySQLDBManager:175 - unsupported type -1/ columnName:javadoc
2016-07-14 16:36:28 INFO  MySQLDBManager:175 - unsupported type -1/ columnName:javadoc
2016-07-14 16:36:28 INFO  MySQLDBManager:175 - unsupported type -1/ columnName:javadoc
2016-07-14 16:36:28 INFO  MySQLDBManager:175 - unsupported type -1/ columnName:javadoc
2016-07-14 16:36:28 INFO  MySQLDBManager:175 - unsupported type -1/ columnName:javadoc
2016-07-14 16:36:28 INFO  MySQLDBManager:175 - unsupported type -1/ columnName:javadoc
2016-07-14 16:36:28 INFO  MySQLDBManager:175 - unsupported type -1/ columnName:javadoc
2016-07-14 16:36:28 INFO  MySQLDBManager:175 - unsupported type -1/ columnName:javadoc
2016-07-14 16:55:11 INFO  MySQLDBManager:175 - unsupported type -1/ columnName:javadoc
2016-07-14 16:55:11 INFO  MySQLDBManager:175 - unsupported type -1/ columnName:javadoc
2016-07-14 16:55:11 INFO  MySQLDBManager:175 - unsupported type -1/ columnName:javadoc
2016-07-14 16:55:11 INFO  MySQLDBManager:175 - unsupported type -1/ columnName:javadoc
2016-07-14 16:55:11 INFO  MySQLDBManager:175 - unsupported type -1/ columnName:javadoc
2016-07-14 16:55:11 INFO  MySQLDBManager:175 - unsupported type -1/ columnName:javadoc
2016-07-14 16:55:11 INFO  MySQLDBManager:175 - unsupported type -1/ columnName:javadoc
2016-07-14 16:55:11 INFO  MySQLDBManager:175 - unsupported type -1/ columnName:javadoc
2016-07-14 16:55:11 INFO  MySQLDBManager:175 - unsupported type -1/ columnName:javadoc
2016-07-14 16:55:11 INFO  MySQLDBManager:175 - unsupported type -1/ columnName:javadoc
2016-07-14 16:55:11 INFO  MySQLDBManager:175 - unsupported type -1/ columnName:javadoc
2016-07-14 16:55:11 INFO  MySQLDBManager:175 - unsupported type -1/ columnName:javadoc
2016-07-14 16:55:11 INFO  MySQLDBManager:175 - unsupported type -1/ columnName:javadoc
2016-07-14 16:55:11 INFO  MySQLDBManager:175 - unsupported type -1/ columnName:javadoc
2016-07-14 16:55:11 INFO  MySQLDBManager:175 - unsupported type -1/ columnName:javadoc
2016-07-14 16:55:11 INFO  MySQLDBManager:175 - unsupported type -1/ columnName:javadoc
2016-07-14 16:55:11 INFO  MySQLDBManager:175 - unsupported type -1/ columnName:javadoc
2016-07-14 16:55:11 INFO  MySQLDBManager:175 - unsupported type -1/ columnName:javadoc
2016-07-14 16:55:11 INFO  MySQLDBManager:175 - unsupported type -1/ columnName:javadoc
2016-07-14 16:55:11 INFO  MySQLDBManager:175 - unsupported type -1/ columnName:javadoc
2016-07-14 16:55:11 INFO  MySQLDBManager:175 - unsupported type -1/ columnName:javadoc
2016-07-14 16:55:11 INFO  MySQLDBManager:175 - unsupported type -1/ columnName:javadoc
2016-07-14 16:55:11 INFO  MySQLDBManager:175 - unsupported type -1/ columnName:javadoc
2016-07-14 16:55:11 INFO  MySQLDBManager:175 - unsupported type -1/ columnName:javadoc
2016-07-14 17:37:45 INFO  MySQLDBManager:175 - unsupported type -5/ columnName:count(1)
2016-07-14 17:38:16 INFO  MySQLDBManager:175 - unsupported type -5/ columnName:count(1)
2016-07-14 17:38:16 INFO  MySQLDBManager:175 - unsupported type -5/ columnName:count(1)
2016-07-14 17:38:17 INFO  MySQLDBManager:175 - unsupported type -5/ columnName:count(1)
2016-07-14 17:38:17 INFO  MySQLDBManager:175 - unsupported type -5/ columnName:count(1)
2016-07-14 17:38:17 INFO  MySQLDBManager:175 - unsupported type -5/ columnName:count(1)
2016-07-14 17:38:17 INFO  MySQLDBManager:175 - unsupported type -5/ columnName:count(1)
2016-07-14 17:38:17 INFO  MySQLDBManager:175 - unsupported type -5/ columnName:count(1)
2016-07-14 17:38:17 INFO  MySQLDBManager:175 - unsupported type -5/ columnName:count(1)
2016-07-14 17:38:17 INFO  MySQLDBManager:175 - unsupported type -5/ columnName:count(1)
2016-07-14 17:38:17 INFO  MySQLDBManager:175 - unsupported type -5/ columnName:count(1)
2016-07-14 17:38:17 INFO  MySQLDBManager:175 - unsupported type -5/ columnName:count(1)
2016-07-14 17:38:17 INFO  MySQLDBManager:175 - unsupported type -5/ columnName:count(1)
2016-07-14 17:38:17 INFO  MySQLDBManager:175 - unsupported type -5/ columnName:count(1)
2016-07-14 17:38:17 INFO  MySQLDBManager:175 - unsupported type -5/ columnName:count(1)
2016-07-14 17:38:17 INFO  MySQLDBManager:175 - unsupported type -5/ columnName:count(1)
2016-07-14 17:38:17 INFO  MySQLDBManager:175 - unsupported type -5/ columnName:count(1)
2016-07-14 17:38:17 INFO  MySQLDBManager:175 - unsupported type -5/ columnName:count(1)
2016-07-14 17:38:17 INFO  MySQLDBManager:175 - unsupported type -5/ columnName:count(1)
2016-07-14 17:38:17 INFO  MySQLDBManager:175 - unsupported type -5/ columnName:count(1)
2016-07-14 17:38:17 INFO  MySQLDBManager:175 - unsupported type -5/ columnName:count(1)
2016-07-14 17:38:17 INFO  MySQLDBManager:175 - unsupported type -5/ columnName:count(1)
2016-07-14 17:38:17 INFO  MySQLDBManager:175 - unsupported type -5/ columnName:count(1)
2016-07-14 17:38:17 INFO  MySQLDBManager:175 - unsupported type -5/ columnName:count(1)
2016-07-14 17:38:17 INFO  MySQLDBManager:175 - unsupported type -5/ columnName:count(1)
2016-07-14 17:38:17 INFO  MySQLDBManager:175 - unsupported type -5/ columnName:count(1)
2016-07-14 17:38:17 INFO  MySQLDBManager:175 - unsupported type -5/ columnName:count(1)
2016-07-14 17:38:18 INFO  MySQLDBManager:175 - unsupported type -5/ columnName:count(1)
2016-07-14 17:38:18 INFO  MySQLDBManager:175 - unsupported type -5/ columnName:count(1)
2016-07-14 17:38:18 INFO  MySQLDBManager:175 - unsupported type -5/ columnName:count(1)
2016-07-14 17:38:18 INFO  MySQLDBManager:175 - unsupported type -5/ columnName:count(1)
2016-07-14 17:38:18 INFO  MySQLDBManager:175 - unsupported type -5/ columnName:count(1)
2016-07-14 17:38:18 INFO  MySQLDBManager:175 - unsupported type -5/ columnName:count(1)
2016-07-14 17:38:18 INFO  MySQLDBManager:175 - unsupported type -5/ columnName:count(1)
2016-07-14 17:38:18 INFO  MySQLDBManager:175 - unsupported type -5/ columnName:count(1)
2016-07-14 17:38:18 INFO  MySQLDBManager:175 - unsupported type -5/ columnName:count(1)
2016-07-14 17:38:18 INFO  MySQLDBManager:175 - unsupported type -5/ columnName:count(1)
2016-07-14 17:38:18 INFO  MySQLDBManager:175 - unsupported type -5/ columnName:count(1)
2016-07-14 17:38:18 INFO  MySQLDBManager:175 - unsupported type -5/ columnName:count(1)
2016-07-14 17:38:18 INFO  MySQLDBManager:175 - unsupported type -5/ columnName:count(1)
2016-07-14 17:38:18 INFO  MySQLDBManager:175 - unsupported type -5/ columnName:count(1)
2016-07-14 17:38:18 INFO  MySQLDBManager:175 - unsupported type -5/ columnName:count(1)
2016-07-14 17:38:18 INFO  MySQLDBManager:175 - unsupported type -5/ columnName:count(1)
2016-07-14 17:38:18 INFO  MySQLDBManager:175 - unsupported type -5/ columnName:count(1)
2016-07-14 17:38:18 INFO  MySQLDBManager:175 - unsupported type -5/ columnName:count(1)
2016-07-14 17:38:18 INFO  MySQLDBManager:175 - unsupported type -5/ columnName:count(1)
2016-07-14 17:38:19 INFO  MySQLDBManager:175 - unsupported type -5/ columnName:count(1)
2016-07-14 17:38:19 INFO  MySQLDBManager:175 - unsupported type -5/ columnName:count(1)
2016-07-14 17:38:19 INFO  MySQLDBManager:175 - unsupported type -5/ columnName:count(1)
2016-07-14 23:00:23 INFO  MySQLDBManager:45 - com.mysql.jdbc.CommunicationsException: Communications link failure due to underlying exception: 

** BEGIN NESTED EXCEPTION ** 

java.net.ConnectException
MESSAGE: Connection timed out: connect

STACKTRACE:

java.net.ConnectException: Connection timed out: connect
	at java.net.DualStackPlainSocketImpl.connect0(Native Method)
	at java.net.DualStackPlainSocketImpl.socketConnect(Unknown Source)
	at java.net.AbstractPlainSocketImpl.doConnect(Unknown Source)
	at java.net.AbstractPlainSocketImpl.connectToAddress(Unknown Source)
	at java.net.AbstractPlainSocketImpl.connect(Unknown Source)
	at java.net.PlainSocketImpl.connect(Unknown Source)
	at java.net.SocksSocketImpl.connect(Unknown Source)
	at java.net.Socket.connect(Unknown Source)
	at java.net.Socket.connect(Unknown Source)
	at java.net.Socket.<init>(Unknown Source)
	at java.net.Socket.<init>(Unknown Source)
	at com.mysql.jdbc.StandardSocketFactory.connect(StandardSocketFactory.java:256)
	at com.mysql.jdbc.MysqlIO.<init>(MysqlIO.java:271)
	at com.mysql.jdbc.Connection.createNewIO(Connection.java:2771)
	at com.mysql.jdbc.Connection.<init>(Connection.java:1555)
	at com.mysql.jdbc.NonRegisteringDriver.connect(NonRegisteringDriver.java:285)
	at java.sql.DriverManager.getConnection(Unknown Source)
	at java.sql.DriverManager.getConnection(Unknown Source)
	at cn.zju.blf.video.db.MySQLDBManager.getConnection(MySQLDBManager.java:42)
	at cn.zju.blf.video.db.MySQLDBManager.<init>(MySQLDBManager.java:28)
	at cn.zju.blf.video.util.Test.processFolder(Test.java:46)
	at cn.zju.blf.video.util.Test.processFolder(Test.java:85)
	at cn.zju.blf.video.util.Test.processFolder(Test.java:85)
	at cn.zju.blf.video.util.Test.processFolder(Test.java:85)
	at cn.zju.blf.video.util.Test.processFolder(Test.java:85)
	at cn.zju.blf.video.util.Test.main(Test.java:37)


** END NESTED EXCEPTION **



Last packet sent to the server was 1 ms ago.
2016-07-15 13:48:26 INFO  MySQLDBManager:45 - com.mysql.jdbc.exceptions.MySQLNonTransientConnectionException: Data source rejected establishment of connection,  message from server: "Too many connections"
2016-07-15 13:48:26 INFO  MySQLDBManager:45 - com.mysql.jdbc.exceptions.MySQLNonTransientConnectionException: Data source rejected establishment of connection,  message from server: "Too many connections"
2016-07-15 13:48:26 INFO  MySQLDBManager:45 - com.mysql.jdbc.exceptions.MySQLNonTransientConnectionException: Data source rejected establishment of connection,  message from server: "Too many connections"
2016-07-15 13:48:26 INFO  MySQLDBManager:45 - com.mysql.jdbc.exceptions.MySQLNonTransientConnectionException: Data source rejected establishment of connection,  message from server: "Too many connections"
2016-07-15 13:48:26 INFO  MySQLDBManager:45 - com.mysql.jdbc.exceptions.MySQLNonTransientConnectionException: Data source rejected establishment of connection,  message from server: "Too many connections"
2016-07-15 13:48:26 INFO  MySQLDBManager:45 - com.mysql.jdbc.exceptions.MySQLNonTransientConnectionException: Data source rejected establishment of connection,  message from server: "Too many connections"
2016-07-15 13:48:26 INFO  MySQLDBManager:45 - com.mysql.jdbc.exceptions.MySQLNonTransientConnectionException: Data source rejected establishment of connection,  message from server: "Too many connections"
2016-07-15 13:48:26 INFO  MySQLDBManager:45 - com.mysql.jdbc.exceptions.MySQLNonTransientConnectionException: Data source rejected establishment of connection,  message from server: "Too many connections"
2016-07-15 13:48:26 INFO  MySQLDBManager:45 - com.mysql.jdbc.exceptions.MySQLNonTransientConnectionException: Data source rejected establishment of connection,  message from server: "Too many connections"
2016-07-15 13:48:26 INFO  MySQLDBManager:45 - com.mysql.jdbc.exceptions.MySQLNonTransientConnectionException: Data source rejected establishment of connection,  message from server: "Too many connections"
2016-07-15 13:48:26 INFO  MySQLDBManager:45 - com.mysql.jdbc.exceptions.MySQLNonTransientConnectionException: Data source rejected establishment of connection,  message from server: "Too many connections"
2016-07-15 13:48:26 INFO  MySQLDBManager:45 - com.mysql.jdbc.exceptions.MySQLNonTransientConnectionException: Data source rejected establishment of connection,  message from server: "Too many connections"
2016-07-15 13:48:26 INFO  MySQLDBManager:45 - com.mysql.jdbc.exceptions.MySQLNonTransientConnectionException: Data source rejected establishment of connection,  message from server: "Too many connections"
2016-07-15 13:48:26 INFO  MySQLDBManager:45 - com.mysql.jdbc.exceptions.MySQLNonTransientConnectionException: Data source rejected establishment of connection,  message from server: "Too many connections"
2016-07-15 13:48:26 INFO  MySQLDBManager:45 - com.mysql.jdbc.exceptions.MySQLNonTransientConnectionException: Data source rejected establishment of connection,  message from server: "Too many connections"
2016-07-15 13:48:26 INFO  MySQLDBManager:45 - com.mysql.jdbc.exceptions.MySQLNonTransientConnectionException: Data source rejected establishment of connection,  message from server: "Too many connections"
2016-07-15 13:48:26 INFO  MySQLDBManager:45 - com.mysql.jdbc.exceptions.MySQLNonTransientConnectionException: Data source rejected establishment of connection,  message from server: "Too many connections"
2016-07-15 13:48:26 INFO  MySQLDBManager:45 - com.mysql.jdbc.exceptions.MySQLNonTransientConnectionException: Data source rejected establishment of connection,  message from server: "Too many connections"
2016-07-15 13:48:26 INFO  MySQLDBManager:45 - com.mysql.jdbc.exceptions.MySQLNonTransientConnectionException: Data source rejected establishment of connection,  message from server: "Too many connections"
2016-07-15 13:48:26 INFO  MySQLDBManager:45 - com.mysql.jdbc.exceptions.MySQLNonTransientConnectionException: Data source rejected establishment of connection,  message from server: "Too many connections"
2016-07-15 13:48:26 INFO  MySQLDBManager:45 - com.mysql.jdbc.exceptions.MySQLNonTransientConnectionException: Data source rejected establishment of connection,  message from server: "Too many connections"
2016-07-15 13:48:26 INFO  MySQLDBManager:45 - com.mysql.jdbc.exceptions.MySQLNonTransientConnectionException: Data source rejected establishment of connection,  message from server: "Too many connections"
2016-07-15 13:48:26 INFO  MySQLDBManager:45 - com.mysql.jdbc.exceptions.MySQLNonTransientConnectionException: Data source rejected establishment of connection,  message from server: "Too many connections"
2016-07-15 13:48:26 INFO  MySQLDBManager:45 - com.mysql.jdbc.exceptions.MySQLNonTransientConnectionException: Data source rejected establishment of connection,  message from server: "Too many connections"
2016-07-15 13:48:26 INFO  MySQLDBManager:45 - com.mysql.jdbc.exceptions.MySQLNonTransientConnectionException: Data source rejected establishment of connection,  message from server: "Too many connections"
2016-07-15 13:48:26 INFO  MySQLDBManager:45 - com.mysql.jdbc.exceptions.MySQLNonTransientConnectionException: Data source rejected establishment of connection,  message from server: "Too many connections"
2016-07-15 13:48:26 INFO  MySQLDBManager:45 - com.mysql.jdbc.exceptions.MySQLNonTransientConnectionException: Data source rejected establishment of connection,  message from server: "Too many connections"
2016-07-15 13:48:26 INFO  MySQLDBManager:45 - com.mysql.jdbc.exceptions.MySQLNonTransientConnectionException: Data source rejected establishment of connection,  message from server: "Too many connections"
2016-07-15 13:48:26 INFO  MySQLDBManager:45 - com.mysql.jdbc.exceptions.MySQLNonTransientConnectionException: Data source rejected establishment of connection,  message from server: "Too many connections"
2016-07-15 13:48:26 INFO  MySQLDBManager:45 - com.mysql.jdbc.exceptions.MySQLNonTransientConnectionException: Data source rejected establishment of connection,  message from server: "Too many connections"
2016-07-15 13:48:26 INFO  MySQLDBManager:45 - com.mysql.jdbc.exceptions.MySQLNonTransientConnectionException: Data source rejected establishment of connection,  message from server: "Too many connections"
2016-07-15 13:48:26 INFO  MySQLDBManager:45 - com.mysql.jdbc.exceptions.MySQLNonTransientConnectionException: Data source rejected establishment of connection,  message from server: "Too many connections"
2016-07-15 13:48:26 INFO  MySQLDBManager:45 - com.mysql.jdbc.exceptions.MySQLNonTransientConnectionException: Data source rejected establishment of connection,  message from server: "Too many connections"
2016-07-15 13:48:26 INFO  MySQLDBManager:45 - com.mysql.jdbc.exceptions.MySQLNonTransientConnectionException: Data source rejected establishment of connection,  message from server: "Too many connections"
2016-07-15 13:48:26 INFO  MySQLDBManager:45 - com.mysql.jdbc.exceptions.MySQLNonTransientConnectionException: Data source rejected establishment of connection,  message from server: "Too many connections"
2016-07-15 13:48:26 INFO  MySQLDBManager:45 - com.mysql.jdbc.exceptions.MySQLNonTransientConnectionException: Data source rejected establishment of connection,  message from server: "Too many connections"
2016-07-15 13:48:26 INFO  MySQLDBManager:45 - com.mysql.jdbc.exceptions.MySQLNonTransientConnectionException: Data source rejected establishment of connection,  message from server: "Too many connections"
2016-07-15 13:48:26 INFO  MySQLDBManager:45 - com.mysql.jdbc.exceptions.MySQLNonTransientConnectionException: Data source rejected establishment of connection,  message from server: "Too many connections"
2016-07-15 13:48:26 INFO  MySQLDBManager:45 - com.mysql.jdbc.exceptions.MySQLNonTransientConnectionException: Data source rejected establishment of connection,  message from server: "Too many connections"
2016-07-15 13:48:26 INFO  MySQLDBManager:45 - com.mysql.jdbc.exceptions.MySQLNonTransientConnectionException: Data source rejected establishment of connection,  message from server: "Too many connections"
2016-07-15 13:48:26 INFO  MySQLDBManager:45 - com.mysql.jdbc.exceptions.MySQLNonTransientConnectionException: Data source rejected establishment of connection,  message from server: "Too many connections"
2016-07-15 13:48:26 INFO  MySQLDBManager:45 - com.mysql.jdbc.exceptions.MySQLNonTransientConnectionException: Data source rejected establishment of connection,  message from server: "Too many connections"
2016-07-15 13:48:26 INFO  MySQLDBManager:45 - com.mysql.jdbc.exceptions.MySQLNonTransientConnectionException: Data source rejected establishment of connection,  message from server: "Too many connections"
2016-07-15 13:48:26 INFO  MySQLDBManager:45 - com.mysql.jdbc.exceptions.MySQLNonTransientConnectionException: Data source rejected establishment of connection,  message from server: "Too many connections"
2016-07-15 13:48:26 INFO  MySQLDBManager:45 - com.mysql.jdbc.exceptions.MySQLNonTransientConnectionException: Data source rejected establishment of connection,  message from server: "Too many connections"
2016-07-15 13:48:26 INFO  MySQLDBManager:45 - com.mysql.jdbc.exceptions.MySQLNonTransientConnectionException: Data source rejected establishment of connection,  message from server: "Too many connections"
2016-07-15 13:48:26 INFO  MySQLDBManager:45 - com.mysql.jdbc.exceptions.MySQLNonTransientConnectionException: Data source rejected establishment of connection,  message from server: "Too many connections"
2016-07-15 13:48:26 INFO  MySQLDBManager:45 - com.mysql.jdbc.exceptions.MySQLNonTransientConnectionException: Data source rejected establishment of connection,  message from server: "Too many connections"
2016-07-15 13:48:26 INFO  MySQLDBManager:45 - com.mysql.jdbc.exceptions.MySQLNonTransientConnectionException: Data source rejected establishment of connection,  message from server: "Too many connections"
2016-07-15 13:48:26 INFO  MySQLDBManager:45 - com.mysql.jdbc.exceptions.MySQLNonTransientConnectionException: Data source rejected establishment of connection,  message from server: "Too many connections"
2016-07-15 13:48:26 INFO  MySQLDBManager:45 - com.mysql.jdbc.exceptions.MySQLNonTransientConnectionException: Data source rejected establishment of connection,  message from server: "Too many connections"
2016-07-15 13:48:26 INFO  MySQLDBManager:45 - com.mysql.jdbc.exceptions.MySQLNonTransientConnectionException: Data source rejected establishment of connection,  message from server: "Too many connections"
2016-07-15 13:48:26 INFO  MySQLDBManager:45 - com.mysql.jdbc.exceptions.MySQLNonTransientConnectionException: Data source rejected establishment of connection,  message from server: "Too many connections"
2016-07-15 13:48:26 INFO  MySQLDBManager:45 - com.mysql.jdbc.exceptions.MySQLNonTransientConnectionException: Data source rejected establishment of connection,  message from server: "Too many connections"
2016-07-15 13:48:26 INFO  MySQLDBManager:45 - com.mysql.jdbc.exceptions.MySQLNonTransientConnectionException: Data source rejected establishment of connection,  message from server: "Too many connections"
2016-07-15 13:48:26 INFO  MySQLDBManager:45 - com.mysql.jdbc.exceptions.MySQLNonTransientConnectionException: Data source rejected establishment of connection,  message from server: "Too many connections"
2016-07-15 13:48:26 INFO  MySQLDBManager:45 - com.mysql.jdbc.exceptions.MySQLNonTransientConnectionException: Data source rejected establishment of connection,  message from server: "Too many connections"
2016-07-15 13:48:26 INFO  MySQLDBManager:45 - com.mysql.jdbc.exceptions.MySQLNonTransientConnectionException: Data source rejected establishment of connection,  message from server: "Too many connections"
2016-07-15 13:48:26 INFO  MySQLDBManager:45 - com.mysql.jdbc.exceptions.MySQLNonTransientConnectionException: Data source rejected establishment of connection,  message from server: "Too many connections"
2016-07-15 13:48:26 INFO  MySQLDBManager:45 - com.mysql.jdbc.exceptions.MySQLNonTransientConnectionException: Data source rejected establishment of connection,  message from server: "Too many connections"
2016-07-15 13:48:26 INFO  MySQLDBManager:45 - com.mysql.jdbc.exceptions.MySQLNonTransientConnectionException: Data source rejected establishment of connection,  message from server: "Too many connections"
2016-07-15 13:48:26 INFO  MySQLDBManager:45 - com.mysql.jdbc.exceptions.MySQLNonTransientConnectionException: Data source rejected establishment of connection,  message from server: "Too many connections"
2016-07-15 13:48:26 INFO  MySQLDBManager:45 - com.mysql.jdbc.exceptions.MySQLNonTransientConnectionException: Data source rejected establishment of connection,  message from server: "Too many connections"
2016-07-15 13:48:26 INFO  MySQLDBManager:45 - com.mysql.jdbc.exceptions.MySQLNonTransientConnectionException: Data source rejected establishment of connection,  message from server: "Too many connections"
2016-07-15 13:48:26 INFO  MySQLDBManager:45 - com.mysql.jdbc.exceptions.MySQLNonTransientConnectionException: Data source rejected establishment of connection,  message from server: "Too many connections"
2016-07-15 13:48:26 INFO  MySQLDBManager:45 - com.mysql.jdbc.exceptions.MySQLNonTransientConnectionException: Data source rejected establishment of connection,  message from server: "Too many connections"
2016-07-15 13:48:26 INFO  MySQLDBManager:45 - com.mysql.jdbc.exceptions.MySQLNonTransientConnectionException: Data source rejected establishment of connection,  message from server: "Too many connections"
2016-07-15 13:48:26 INFO  MySQLDBManager:45 - com.mysql.jdbc.exceptions.MySQLNonTransientConnectionException: Data source rejected establishment of connection,  message from server: "Too many connections"
2016-07-15 13:48:26 INFO  MySQLDBManager:45 - com.mysql.jdbc.exceptions.MySQLNonTransientConnectionException: Data source rejected establishment of connection,  message from server: "Too many connections"
2016-07-15 13:48:26 INFO  MySQLDBManager:45 - com.mysql.jdbc.exceptions.MySQLNonTransientConnectionException: Data source rejected establishment of connection,  message from server: "Too many connections"
2016-07-15 13:48:26 INFO  MySQLDBManager:45 - com.mysql.jdbc.exceptions.MySQLNonTransientConnectionException: Data source rejected establishment of connection,  message from server: "Too many connections"
2016-07-15 13:48:26 INFO  MySQLDBManager:45 - com.mysql.jdbc.exceptions.MySQLNonTransientConnectionException: Data source rejected establishment of connection,  message from server: "Too many connections"
2016-07-15 13:48:26 INFO  MySQLDBManager:45 - com.mysql.jdbc.exceptions.MySQLNonTransientConnectionException: Data source rejected establishment of connection,  message from server: "Too many connections"
2016-07-15 13:48:26 INFO  MySQLDBManager:45 - com.mysql.jdbc.exceptions.MySQLNonTransientConnectionException: Data source rejected establishment of connection,  message from server: "Too many connections"
2016-07-15 13:48:26 INFO  MySQLDBManager:45 - com.mysql.jdbc.exceptions.MySQLNonTransientConnectionException: Data source rejected establishment of connection,  message from server: "Too many connections"
2016-07-15 13:48:26 INFO  MySQLDBManager:45 - com.mysql.jdbc.exceptions.MySQLNonTransientConnectionException: Data source rejected establishment of connection,  message from server: "Too many connections"
2016-07-15 13:48:26 INFO  MySQLDBManager:45 - com.mysql.jdbc.exceptions.MySQLNonTransientConnectionException: Data source rejected establishment of connection,  message from server: "Too many connections"
2016-07-15 13:48:26 INFO  MySQLDBManager:45 - com.mysql.jdbc.exceptions.MySQLNonTransientConnectionException: Data source rejected establishment of connection,  message from server: "Too many connections"
2016-07-15 13:48:26 INFO  MySQLDBManager:45 - com.mysql.jdbc.exceptions.MySQLNonTransientConnectionException: Data source rejected establishment of connection,  message from server: "Too many connections"
2016-07-15 13:48:26 INFO  MySQLDBManager:45 - com.mysql.jdbc.exceptions.MySQLNonTransientConnectionException: Data source rejected establishment of connection,  message from server: "Too many connections"
2016-07-15 13:48:26 INFO  MySQLDBManager:45 - com.mysql.jdbc.exceptions.MySQLNonTransientConnectionException: Data source rejected establishment of connection,  message from server: "Too many connections"
2016-07-15 13:48:26 INFO  MySQLDBManager:45 - com.mysql.jdbc.exceptions.MySQLNonTransientConnectionException: Data source rejected establishment of connection,  message from server: "Too many connections"
2016-07-15 13:48:26 INFO  MySQLDBManager:45 - com.mysql.jdbc.exceptions.MySQLNonTransientConnectionException: Data source rejected establishment of connection,  message from server: "Too many connections"
2016-07-15 13:48:26 INFO  MySQLDBManager:45 - com.mysql.jdbc.exceptions.MySQLNonTransientConnectionException: Data source rejected establishment of connection,  message from server: "Too many connections"
2016-07-15 13:48:26 INFO  MySQLDBManager:45 - com.mysql.jdbc.exceptions.MySQLNonTransientConnectionException: Data source rejected establishment of connection,  message from server: "Too many connections"
2016-07-15 13:48:26 INFO  MySQLDBManager:45 - com.mysql.jdbc.exceptions.MySQLNonTransientConnectionException: Data source rejected establishment of connection,  message from server: "Too many connections"
2016-07-15 13:48:26 INFO  MySQLDBManager:45 - com.mysql.jdbc.exceptions.MySQLNonTransientConnectionException: Data source rejected establishment of connection,  message from server: "Too many connections"
